<?xml version="1.0" encoding="UTF-8"?>
<testng-results ignored="0" total="6" passed="6" failed="0" skipped="0">
  <reporter-output>
    <line>
      <![CDATA[STC1]]>
    </line>
    <line>
      <![CDATA[STC2]]>
    </line>
    <line>
      <![CDATA[STC3]]>
    </line>
    <line>
      <![CDATA[STC4]]>
    </line>
    <line>
      <![CDATA[STC5]]>
    </line>
    <line>
      <![CDATA[STC6]]>
    </line>
  </reporter-output>
  <suite started-at="2023-07-22T15:36:24 IST" name="Suite" finished-at="2023-07-22T15:36:24 IST" duration-ms="69">
    <groups>
      <group name="Smoke TestCase">
        <method signature="Flag6.st1()[pri:0, instance:testNGAnnotation_Flags.Flag6@2e6a8155]" name="st1" class="testNGAnnotation_Flags.Flag6"/>
        <method signature="Flag6.st2()[pri:0, instance:testNGAnnotation_Flags.Flag6@2e6a8155]" name="st2" class="testNGAnnotation_Flags.Flag6"/>
        <method signature="Flag6.st3()[pri:0, instance:testNGAnnotation_Flags.Flag6@2e6a8155]" name="st3" class="testNGAnnotation_Flags.Flag6"/>
        <method signature="Flag6.st4()[pri:0, instance:testNGAnnotation_Flags.Flag6@2e6a8155]" name="st4" class="testNGAnnotation_Flags.Flag6"/>
        <method signature="Flag6.st5()[pri:0, instance:testNGAnnotation_Flags.Flag6@2e6a8155]" name="st5" class="testNGAnnotation_Flags.Flag6"/>
        <method signature="Flag6.st6()[pri:0, instance:testNGAnnotation_Flags.Flag6@2e6a8155]" name="st6" class="testNGAnnotation_Flags.Flag6"/>
      </group> <!-- Smoke TestCase -->
    </groups>
    <test started-at="2023-07-22T15:36:24 IST" name="Test" finished-at="2023-07-22T15:36:24 IST" duration-ms="69">
      <class name="testNGAnnotation_Flags.Flag6">
        <test-method signature="st1()[pri:0, instance:testNGAnnotation_Flags.Flag6@2e6a8155]" started-at="2023-07-22T15:36:24 IST" name="st1" finished-at="2023-07-22T15:36:24 IST" duration-ms="9" status="PASS">
          <reporter-output>
            <line>
              <![CDATA[STC1]]>
            </line>
          </reporter-output>
        </test-method> <!-- st1 -->
        <test-method signature="st2()[pri:0, instance:testNGAnnotation_Flags.Flag6@2e6a8155]" started-at="2023-07-22T15:36:24 IST" name="st2" finished-at="2023-07-22T15:36:24 IST" duration-ms="1" status="PASS">
          <reporter-output>
            <line>
              <![CDATA[STC2]]>
            </line>
          </reporter-output>
        </test-method> <!-- st2 -->
        <test-method signature="st3()[pri:0, instance:testNGAnnotation_Flags.Flag6@2e6a8155]" started-at="2023-07-22T15:36:24 IST" name="st3" finished-at="2023-07-22T15:36:24 IST" duration-ms="1" status="PASS">
          <reporter-output>
            <line>
              <![CDATA[STC3]]>
            </line>
          </reporter-output>
        </test-method> <!-- st3 -->
        <test-method signature="st4()[pri:0, instance:testNGAnnotation_Flags.Flag6@2e6a8155]" started-at="2023-07-22T15:36:24 IST" name="st4" finished-at="2023-07-22T15:36:24 IST" duration-ms="1" status="PASS">
          <reporter-output>
            <line>
              <![CDATA[STC4]]>
            </line>
          </reporter-output>
        </test-method> <!-- st4 -->
        <test-method signature="st5()[pri:0, instance:testNGAnnotation_Flags.Flag6@2e6a8155]" started-at="2023-07-22T15:36:24 IST" name="st5" finished-at="2023-07-22T15:36:24 IST" duration-ms="1" status="PASS">
          <reporter-output>
            <line>
              <![CDATA[STC5]]>
            </line>
          </reporter-output>
        </test-method> <!-- st5 -->
        <test-method signature="st6()[pri:0, instance:testNGAnnotation_Flags.Flag6@2e6a8155]" started-at="2023-07-22T15:36:24 IST" name="st6" finished-at="2023-07-22T15:36:24 IST" duration-ms="2" status="PASS">
          <reporter-output>
            <line>
              <![CDATA[STC6]]>
            </line>
          </reporter-output>
        </test-method> <!-- st6 -->
      </class> <!-- testNGAnnotation_Flags.Flag6 -->
    </test> <!-- Test -->
  </suite> <!-- Suite -->
</testng-results>
